[2022-05-21 12:41:11,175] {taskinstance.py:1159} INFO - Dependencies all met for <TaskInstance: backup_all_db.save_old_db_to_csv scheduled__2022-05-20T00:00:00+00:00 [queued]>
[2022-05-21 12:41:11,182] {taskinstance.py:1159} INFO - Dependencies all met for <TaskInstance: backup_all_db.save_old_db_to_csv scheduled__2022-05-20T00:00:00+00:00 [queued]>
[2022-05-21 12:41:11,182] {taskinstance.py:1356} INFO - 
--------------------------------------------------------------------------------
[2022-05-21 12:41:11,182] {taskinstance.py:1357} INFO - Starting attempt 1 of 2
[2022-05-21 12:41:11,182] {taskinstance.py:1358} INFO - 
--------------------------------------------------------------------------------
[2022-05-21 12:41:11,200] {taskinstance.py:1377} INFO - Executing <Task(BashOperator): save_old_db_to_csv> on 2022-05-20 00:00:00+00:00
[2022-05-21 12:41:11,203] {standard_task_runner.py:52} INFO - Started process 11399 to run task
[2022-05-21 12:41:11,209] {standard_task_runner.py:79} INFO - Running: ['airflow', 'tasks', 'run', 'backup_all_db', 'save_old_db_to_csv', 'scheduled__2022-05-20T00:00:00+00:00', '--job-id', '3', '--raw', '--subdir', 'DAGS_FOLDER/my_first_dags.py', '--cfg-path', '/tmp/tmp0853rgpp', '--error-file', '/tmp/tmpegqrl6tl']
[2022-05-21 12:41:11,209] {standard_task_runner.py:80} INFO - Job 3: Subtask save_old_db_to_csv
[2022-05-21 12:41:11,255] {task_command.py:369} INFO - Running <TaskInstance: backup_all_db.save_old_db_to_csv scheduled__2022-05-20T00:00:00+00:00 [running]> on host homerim-desktop
[2022-05-21 12:41:11,328] {taskinstance.py:1569} INFO - Exporting the following env vars:
AIRFLOW_CTX_DAG_OWNER=airflow
AIRFLOW_CTX_DAG_ID=backup_all_db
AIRFLOW_CTX_TASK_ID=save_old_db_to_csv
AIRFLOW_CTX_EXECUTION_DATE=2022-05-20T00:00:00+00:00
AIRFLOW_CTX_TRY_NUMBER=1
AIRFLOW_CTX_DAG_RUN_ID=scheduled__2022-05-20T00:00:00+00:00
[2022-05-21 12:41:11,329] {subprocess.py:62} INFO - Tmp dir root location: 
 /tmp
[2022-05-21 12:41:11,330] {subprocess.py:74} INFO - Running command: ['bash', '-c', 'python3 ~/airflow/dags/tasks/save_old_db_to_csv.py']
[2022-05-21 12:41:11,340] {subprocess.py:85} INFO - Output:
[2022-05-21 12:41:11,452] {subprocess.py:92} INFO - Таблица orders сохранена на диск
[2022-05-21 12:41:11,452] {subprocess.py:92} INFO - Таблица supplier сохранена на диск
[2022-05-21 12:41:11,452] {subprocess.py:92} INFO - Таблица nation сохранена на диск
[2022-05-21 12:41:11,453] {subprocess.py:92} INFO - Таблица lineitem сохранена на диск
[2022-05-21 12:41:11,453] {subprocess.py:92} INFO - Таблица region сохранена на диск
[2022-05-21 12:41:11,453] {subprocess.py:92} INFO - Таблица customer сохранена на диск
[2022-05-21 12:41:11,453] {subprocess.py:92} INFO - Таблица partsupp сохранена на диск
[2022-05-21 12:41:11,453] {subprocess.py:92} INFO - Таблица part сохранена на диск
[2022-05-21 12:41:11,463] {subprocess.py:96} INFO - Command exited with return code 0
[2022-05-21 12:41:11,497] {taskinstance.py:1395} INFO - Marking task as SUCCESS. dag_id=backup_all_db, task_id=save_old_db_to_csv, execution_date=20220520T000000, start_date=20220521T094111, end_date=20220521T094111
[2022-05-21 12:41:11,540] {local_task_job.py:156} INFO - Task exited with return code 0
[2022-05-21 12:41:11,582] {local_task_job.py:273} INFO - 1 downstream tasks scheduled from follow-on schedule check
[2022-05-21 13:05:29,573] {taskinstance.py:1159} INFO - Dependencies all met for <TaskInstance: backup_all_db.save_old_db_to_csv scheduled__2022-05-20T00:00:00+00:00 [queued]>
[2022-05-21 13:05:29,583] {taskinstance.py:1159} INFO - Dependencies all met for <TaskInstance: backup_all_db.save_old_db_to_csv scheduled__2022-05-20T00:00:00+00:00 [queued]>
[2022-05-21 13:05:29,583] {taskinstance.py:1356} INFO - 
--------------------------------------------------------------------------------
[2022-05-21 13:05:29,584] {taskinstance.py:1357} INFO - Starting attempt 1 of 2
[2022-05-21 13:05:29,584] {taskinstance.py:1358} INFO - 
--------------------------------------------------------------------------------
[2022-05-21 13:05:29,604] {taskinstance.py:1377} INFO - Executing <Task(BashOperator): save_old_db_to_csv> on 2022-05-20 00:00:00+00:00
[2022-05-21 13:05:29,609] {standard_task_runner.py:52} INFO - Started process 15584 to run task
[2022-05-21 13:05:29,615] {standard_task_runner.py:79} INFO - Running: ['airflow', 'tasks', 'run', 'backup_all_db', 'save_old_db_to_csv', 'scheduled__2022-05-20T00:00:00+00:00', '--job-id', '7', '--raw', '--subdir', 'DAGS_FOLDER/my_first_dags.py', '--cfg-path', '/tmp/tmpb04uv33z', '--error-file', '/tmp/tmp3wg7jgd4']
[2022-05-21 13:05:29,616] {standard_task_runner.py:80} INFO - Job 7: Subtask save_old_db_to_csv
[2022-05-21 13:05:29,669] {task_command.py:369} INFO - Running <TaskInstance: backup_all_db.save_old_db_to_csv scheduled__2022-05-20T00:00:00+00:00 [running]> on host homerim-desktop
[2022-05-21 13:05:29,738] {taskinstance.py:1569} INFO - Exporting the following env vars:
AIRFLOW_CTX_DAG_OWNER=airflow
AIRFLOW_CTX_DAG_ID=backup_all_db
AIRFLOW_CTX_TASK_ID=save_old_db_to_csv
AIRFLOW_CTX_EXECUTION_DATE=2022-05-20T00:00:00+00:00
AIRFLOW_CTX_TRY_NUMBER=1
AIRFLOW_CTX_DAG_RUN_ID=scheduled__2022-05-20T00:00:00+00:00
[2022-05-21 13:05:29,740] {subprocess.py:62} INFO - Tmp dir root location: 
 /tmp
[2022-05-21 13:05:29,740] {subprocess.py:74} INFO - Running command: ['bash', '-c', 'python3 ~/airflow/dags/tasks/save_old_db_to_csv.py']
[2022-05-21 13:05:29,756] {subprocess.py:85} INFO - Output:
[2022-05-21 13:06:00,737] {subprocess.py:92} INFO - Таблица orders сохранена на диск
[2022-05-21 13:06:00,737] {subprocess.py:92} INFO - Таблица supplier сохранена на диск
[2022-05-21 13:06:00,738] {subprocess.py:92} INFO - Таблица nation сохранена на диск
[2022-05-21 13:06:00,738] {subprocess.py:92} INFO - Таблица lineitem сохранена на диск
[2022-05-21 13:06:00,738] {subprocess.py:92} INFO - Таблица region сохранена на диск
[2022-05-21 13:06:00,738] {subprocess.py:92} INFO - Таблица customer сохранена на диск
[2022-05-21 13:06:00,738] {subprocess.py:92} INFO - Таблица partsupp сохранена на диск
[2022-05-21 13:06:00,738] {subprocess.py:92} INFO - Таблица part сохранена на диск
[2022-05-21 13:06:00,748] {subprocess.py:96} INFO - Command exited with return code 0
[2022-05-21 13:06:01,777] {taskinstance.py:1395} INFO - Marking task as SUCCESS. dag_id=backup_all_db, task_id=save_old_db_to_csv, execution_date=20220520T000000, start_date=20220521T100529, end_date=20220521T100601
[2022-05-21 13:06:06,416] {local_task_job.py:156} INFO - Task exited with return code 0
[2022-05-21 13:06:07,651] {local_task_job.py:273} INFO - 1 downstream tasks scheduled from follow-on schedule check
