[2022-05-21 12:41:05,414] {taskinstance.py:1159} INFO - Dependencies all met for <TaskInstance: backup_all_db.save_old_db_to_csv scheduled__2022-05-19T00:00:00+00:00 [queued]>
[2022-05-21 12:41:05,419] {taskinstance.py:1159} INFO - Dependencies all met for <TaskInstance: backup_all_db.save_old_db_to_csv scheduled__2022-05-19T00:00:00+00:00 [queued]>
[2022-05-21 12:41:05,420] {taskinstance.py:1356} INFO - 
--------------------------------------------------------------------------------
[2022-05-21 12:41:05,420] {taskinstance.py:1357} INFO - Starting attempt 1 of 2
[2022-05-21 12:41:05,420] {taskinstance.py:1358} INFO - 
--------------------------------------------------------------------------------
[2022-05-21 12:41:05,436] {taskinstance.py:1377} INFO - Executing <Task(BashOperator): save_old_db_to_csv> on 2022-05-19 00:00:00+00:00
[2022-05-21 12:41:05,441] {standard_task_runner.py:52} INFO - Started process 11385 to run task
[2022-05-21 12:41:05,447] {standard_task_runner.py:79} INFO - Running: ['airflow', 'tasks', 'run', 'backup_all_db', 'save_old_db_to_csv', 'scheduled__2022-05-19T00:00:00+00:00', '--job-id', '2', '--raw', '--subdir', 'DAGS_FOLDER/my_first_dags.py', '--cfg-path', '/tmp/tmp8fm3y6ts', '--error-file', '/tmp/tmpxxmnn4y7']
[2022-05-21 12:41:05,448] {standard_task_runner.py:80} INFO - Job 2: Subtask save_old_db_to_csv
[2022-05-21 12:41:05,499] {task_command.py:369} INFO - Running <TaskInstance: backup_all_db.save_old_db_to_csv scheduled__2022-05-19T00:00:00+00:00 [running]> on host homerim-desktop
[2022-05-21 12:41:05,567] {taskinstance.py:1569} INFO - Exporting the following env vars:
AIRFLOW_CTX_DAG_OWNER=airflow
AIRFLOW_CTX_DAG_ID=backup_all_db
AIRFLOW_CTX_TASK_ID=save_old_db_to_csv
AIRFLOW_CTX_EXECUTION_DATE=2022-05-19T00:00:00+00:00
AIRFLOW_CTX_TRY_NUMBER=1
AIRFLOW_CTX_DAG_RUN_ID=scheduled__2022-05-19T00:00:00+00:00
[2022-05-21 12:41:05,569] {subprocess.py:62} INFO - Tmp dir root location: 
 /tmp
[2022-05-21 12:41:05,569] {subprocess.py:74} INFO - Running command: ['bash', '-c', 'python3 ~/airflow/dags/tasks/save_old_db_to_csv.py']
[2022-05-21 12:41:05,579] {subprocess.py:85} INFO - Output:
[2022-05-21 12:41:05,741] {subprocess.py:92} INFO - Таблица orders сохранена на диск
[2022-05-21 12:41:05,741] {subprocess.py:92} INFO - Таблица supplier сохранена на диск
[2022-05-21 12:41:05,741] {subprocess.py:92} INFO - Таблица nation сохранена на диск
[2022-05-21 12:41:05,741] {subprocess.py:92} INFO - Таблица lineitem сохранена на диск
[2022-05-21 12:41:05,741] {subprocess.py:92} INFO - Таблица region сохранена на диск
[2022-05-21 12:41:05,742] {subprocess.py:92} INFO - Таблица customer сохранена на диск
[2022-05-21 12:41:05,742] {subprocess.py:92} INFO - Таблица partsupp сохранена на диск
[2022-05-21 12:41:05,742] {subprocess.py:92} INFO - Таблица part сохранена на диск
[2022-05-21 12:41:05,750] {subprocess.py:96} INFO - Command exited with return code 0
[2022-05-21 12:41:05,781] {taskinstance.py:1395} INFO - Marking task as SUCCESS. dag_id=backup_all_db, task_id=save_old_db_to_csv, execution_date=20220519T000000, start_date=20220521T094105, end_date=20220521T094105
[2022-05-21 12:41:05,820] {local_task_job.py:156} INFO - Task exited with return code 0
[2022-05-21 12:41:05,858] {local_task_job.py:273} INFO - 1 downstream tasks scheduled from follow-on schedule check
