[2022-05-22 09:35:10,726] {taskinstance.py:1159} INFO - Dependencies all met for <TaskInstance: backup_all_db.save_old_db_to_csv scheduled__2022-05-21T00:00:00+00:00 [queued]>
[2022-05-22 09:35:10,736] {taskinstance.py:1159} INFO - Dependencies all met for <TaskInstance: backup_all_db.save_old_db_to_csv scheduled__2022-05-21T00:00:00+00:00 [queued]>
[2022-05-22 09:35:10,736] {taskinstance.py:1356} INFO - 
--------------------------------------------------------------------------------
[2022-05-22 09:35:10,736] {taskinstance.py:1357} INFO - Starting attempt 1 of 2
[2022-05-22 09:35:10,736] {taskinstance.py:1358} INFO - 
--------------------------------------------------------------------------------
[2022-05-22 09:35:10,763] {taskinstance.py:1377} INFO - Executing <Task(BashOperator): save_old_db_to_csv> on 2022-05-21 00:00:00+00:00
[2022-05-22 09:35:10,767] {standard_task_runner.py:52} INFO - Started process 76360 to run task
[2022-05-22 09:35:10,778] {standard_task_runner.py:79} INFO - Running: ['airflow', 'tasks', 'run', 'backup_all_db', 'save_old_db_to_csv', 'scheduled__2022-05-21T00:00:00+00:00', '--job-id', '9', '--raw', '--subdir', 'DAGS_FOLDER/my_first_dags.py', '--cfg-path', '/tmp/tmp55k9ujho', '--error-file', '/tmp/tmpb_e79jw3']
[2022-05-22 09:35:10,779] {standard_task_runner.py:80} INFO - Job 9: Subtask save_old_db_to_csv
[2022-05-22 09:35:10,878] {task_command.py:369} INFO - Running <TaskInstance: backup_all_db.save_old_db_to_csv scheduled__2022-05-21T00:00:00+00:00 [running]> on host homerim-desktop
[2022-05-22 09:35:10,965] {taskinstance.py:1569} INFO - Exporting the following env vars:
AIRFLOW_CTX_DAG_OWNER=airflow
AIRFLOW_CTX_DAG_ID=backup_all_db
AIRFLOW_CTX_TASK_ID=save_old_db_to_csv
AIRFLOW_CTX_EXECUTION_DATE=2022-05-21T00:00:00+00:00
AIRFLOW_CTX_TRY_NUMBER=1
AIRFLOW_CTX_DAG_RUN_ID=scheduled__2022-05-21T00:00:00+00:00
[2022-05-22 09:35:10,966] {subprocess.py:62} INFO - Tmp dir root location: 
 /tmp
[2022-05-22 09:35:10,967] {subprocess.py:74} INFO - Running command: ['bash', '-c', 'python3 ~/airflow/dags/tasks/save_old_db_to_csv.py']
[2022-05-22 09:35:10,977] {subprocess.py:85} INFO - Output:
[2022-05-22 09:35:42,772] {subprocess.py:92} INFO - Таблица orders сохранена на диск
[2022-05-22 09:35:42,772] {subprocess.py:92} INFO - Таблица supplier сохранена на диск
[2022-05-22 09:35:42,772] {subprocess.py:92} INFO - Таблица nation сохранена на диск
[2022-05-22 09:35:42,773] {subprocess.py:92} INFO - Таблица lineitem сохранена на диск
[2022-05-22 09:35:42,773] {subprocess.py:92} INFO - Таблица region сохранена на диск
[2022-05-22 09:35:42,773] {subprocess.py:92} INFO - Таблица customer сохранена на диск
[2022-05-22 09:35:42,773] {subprocess.py:92} INFO - Таблица partsupp сохранена на диск
[2022-05-22 09:35:42,773] {subprocess.py:92} INFO - Таблица part сохранена на диск
[2022-05-22 09:35:42,789] {subprocess.py:96} INFO - Command exited with return code 0
[2022-05-22 09:35:42,843] {taskinstance.py:1395} INFO - Marking task as SUCCESS. dag_id=backup_all_db, task_id=save_old_db_to_csv, execution_date=20220521T000000, start_date=20220522T063510, end_date=20220522T063542
[2022-05-22 09:35:42,891] {local_task_job.py:156} INFO - Task exited with return code 0
[2022-05-22 09:35:42,919] {local_task_job.py:273} INFO - 1 downstream tasks scheduled from follow-on schedule check
